2023.03.21 00:01:36 INFO  Started: Metals version 0.11.11 in workspace '/workspaces/awesome-selfhosted' for client Visual Studio Code 1.76.2.
SLF4J: No SLF4J providers were found.
SLF4J: Defaulting to no-operation (NOP) logger implementation
SLF4J: See https://www.slf4j.org/codes.html#noProviders for further details.
SLF4J: Class path contains SLF4J bindings targeting slf4j-api versions 1.7.x or earlier.
SLF4J: Ignoring binding found at [jar:file:/home/codespace/.cache/coursier/v1/https/repo1.maven.org/maven2/com/outr/scribe-slf4j_2.13/3.11.0/scribe-slf4j_2.13-3.11.0.jar!/org/slf4j/impl/StaticLoggerBinder.class]
SLF4J: See https://www.slf4j.org/codes.html#ignoredBindings for an explanation.
2023.03.21 00:01:38 INFO  time: initialize in 1.68s
2023.03.21 00:01:42 WARN  Build server is not auto-connectable.
2023.03.21 00:01:42 WARN  no build tool detected in workspace '/workspaces/awesome-selfhosted'. The most common cause for this problem is that the editor was opened in the wrong working directory, for example if you use sbt then the workspace directory should contain build.sbt. 
Mar 21, 2023 12:01:47 AM org.eclipse.lsp4j.jsonrpc.services.GenericEndpoint notify
INFO: Unsupported notification method: $/setTrace
Mar 21, 2023 12:01:48 AM org.eclipse.lsp4j.jsonrpc.services.GenericEndpoint notify
INFO: Unsupported notification method: $/setTrace
Mar 21, 2023 12:02:23 AM org.eclipse.lsp4j.jsonrpc.services.GenericEndpoint notify
INFO: Unsupported notification method: $/setTrace
2023.03.21 00:07:09 WARN  no build tool detected in workspace '/workspaces/awesome-selfhosted'. The most common cause for this problem is that the editor was opened in the wrong working directory, for example if you use sbt then the workspace directory should contain build.sbt. 
2023.03.21 00:07:24 INFO  Attempting to connect to the build server...
2023.03.21 00:07:24 INFO  No build server found
2023.03.21 00:07:24 INFO  time: Connected to build server in 6ms
